mode: set
taskFlow/taskFlow.go:54.36,56.30 2 1
taskFlow/taskFlow.go:59.2,64.3 1 1
taskFlow/taskFlow.go:56.30,58.3 1 1
taskFlow/taskFlow.go:67.45,68.28 1 1
taskFlow/taskFlow.go:73.2,73.10 1 1
taskFlow/taskFlow.go:68.28,72.3 3 1
taskFlow/taskFlow.go:76.54,79.2 2 1
taskFlow/taskFlow.go:81.71,84.2 2 1
taskFlow/taskFlow.go:93.63,97.2 3 1
taskFlow/taskFlow.go:99.68,103.21 3 1
taskFlow/taskFlow.go:106.2,106.24 1 1
taskFlow/taskFlow.go:103.21,105.3 1 1
taskFlow/taskFlow.go:106.24,109.3 2 1
taskFlow/taskFlow.go:112.52,113.19 1 1
taskFlow/taskFlow.go:125.2,125.13 1 1
taskFlow/taskFlow.go:113.19,114.41 1 1
taskFlow/taskFlow.go:114.41,116.32 2 1
taskFlow/taskFlow.go:119.4,119.23 1 1
taskFlow/taskFlow.go:122.4,122.16 1 1
taskFlow/taskFlow.go:116.32,118.5 1 1
taskFlow/taskFlow.go:119.23,121.5 1 1
taskFlow/taskFlow.go:128.51,129.25 1 1
taskFlow/taskFlow.go:129.25,132.53 3 1
taskFlow/taskFlow.go:135.2,136.7 1 1
taskFlow/taskFlow.go:132.53,134.4 1 1
taskFlow/taskFlow.go:136.7,137.11 1 1
taskFlow/taskFlow.go:138.32,139.97 1 1
taskFlow/taskFlow.go:143.5,145.43 3 1
taskFlow/taskFlow.go:151.5,151.17 1 1
taskFlow/taskFlow.go:154.26,155.23 1 0
taskFlow/taskFlow.go:139.97,142.6 2 1
taskFlow/taskFlow.go:145.43,146.23 1 1
taskFlow/taskFlow.go:146.23,148.12 2 1
taskFlow/taskFlow.go:151.17,152.24 1 1
taskFlow/taskFlow.go:161.51,162.21 1 1
taskFlow/taskFlow.go:166.2,166.23 1 1
taskFlow/taskFlow.go:162.21,164.3 1 1
taskFlow/taskFlow.go:166.23,168.3 1 1
taskFlow/taskFlow.go:168.8,170.31 2 1
taskFlow/taskFlow.go:170.31,172.4 1 1
taskFlow/taskFlow.go:176.48,178.2 1 1
taskFlow/taskFlow.go:180.30,182.2 1 1
taskFlow/taskFlow.go:184.80,186.30 2 1
taskFlow/taskFlow.go:189.2,189.38 1 1
taskFlow/taskFlow.go:192.2,199.3 1 1
taskFlow/taskFlow.go:186.30,188.3 1 1
taskFlow/taskFlow.go:189.38,191.3 1 0
taskFlow/taskFlow.go:202.48,203.38 1 1
taskFlow/taskFlow.go:206.2,213.3 1 1
taskFlow/taskFlow.go:203.38,205.3 1 0
